<?xml version="1.0" encoding="UTF-8"?>
<testsuite name="TestSuite" time="59.027" tests="4" errors="0" skipped="0" failures="1">
  <properties>
[...]
</properties>
  <testcase name="feature" classname="Runner.TwitterRunner" time="8.888"/>
  <testcase name="feature" classname="Runner.TwitterRunner" time="10.548"/>
  <testcase name="feature" classname="Runner.TwitterRunner" time="9.245"/>
  <testcase name="feature" classname="Runner.TwitterRunner" time="30.346">
    <failure message="java.lang.AssertionError: " type="cucumber.runtime.CucumberException">cucumber.runtime.CucumberException: java.lang.AssertionError: 
	at org.testng.AssertJUnit.fail(AssertJUnit.java:59)
	at org.testng.AssertJUnit.assertTrue(AssertJUnit.java:24)
	at org.testng.AssertJUnit.assertFalse(AssertJUnit.java:41)
	at org.testng.AssertJUnit.assertFalse(AssertJUnit.java:49)
	at StepDefinitions.CommonSteps.LoginSteps.assertFrontPage(LoginSteps.java:27)
	at ✽.Given User is on frontpage(user_login.feature:4)
</failure>
    <system-out><![CDATA[Feature: Login
/Users/leandromachado/Documents/git/cucumber-selenium-twitter

  Scenario: Successful Login                    &amp#27;[90m# user_login.feature:3&amp#27;[0m
    &amp#27;[31mGiven &amp#27;[0m&amp#27;[31mUser is on frontpage&amp#27;[0m                  &amp#27;[90m# LoginSteps.assertFrontPage()&amp#27;[0m
      &amp#27;[31mjava.lang.AssertionError: 
      	at org.testng.AssertJUnit.fail(AssertJUnit.java:59)
      	at org.testng.AssertJUnit.assertTrue(AssertJUnit.java:24)
      	at org.testng.AssertJUnit.assertFalse(AssertJUnit.java:41)
      	at org.testng.AssertJUnit.assertFalse(AssertJUnit.java:49)
      	at StepDefinitions.CommonSteps.LoginSteps.assertFrontPage(LoginSteps.java:27)
      	at ✽.Given User is on frontpage(user_login.feature:4)
      &amp#27;[0m
    &amp#27;[36mWhen &amp#27;[0m&amp#27;[36mUser insert correct password and email&amp#27;[0m &amp#27;[90m# LoginSteps.insertCorrectPasswordAndEmail()&amp#27;[0m
    &amp#27;[36mThen &amp#27;[0m&amp#27;[36mDo login&amp#27;[0m                               &amp#27;[90m# LoginSteps.doLogin()&amp#27;[0m
/Users/leandromachado/Documents/git/cucumber-selenium-twitter

  Scenario: Unsuccessful Login                   &amp#27;[90m# user_login.feature:8&amp#27;[0m
    &amp#27;[31mGiven &amp#27;[0m&amp#27;[31mUser is on frontpage&amp#27;[0m                   &amp#27;[90m# LoginSteps.assertFrontPage()&amp#27;[0m
      &amp#27;[31morg.openqa.selenium.NoSuchElementException: no such element: Unable to locate element: {"method":"css selector","selector":".StaticLoggedOutHomePage-signupSubtitle"}
        (Session info: chrome=65.0.3325.181)
        (Driver info: chromedriver=2.37.543654 (a46b62e9900f5ac48951f8ad68d9e03eded4cc8d),platform=Mac OS X 10.12.6 x86_64) (WARNING: The server did not provide any stacktrace information)
      Command duration or timeout: 20.21 seconds
      For documentation on this error, please visit: http://seleniumhq.org/exceptions/no_such_element.html
      Build info: version: '2.48.2', revision: '41bccdd10cf2c0560f637404c2d96164b67d9d67', time: '2015-10-09 13:08:06'
      System info: host: 'Tokenlab-Dev-Meeting-Room.local', ip: '192.168.5.234', os.name: 'Mac OS X', os.arch: 'x86_64', os.version: '10.12.6', java.version: '1.8.0_161'
      Driver info: org.openqa.selenium.chrome.ChromeDriver
      Capabilities [{applicationCacheEnabled=false, rotatable=false, mobileEmulationEnabled=false, networkConnectionEnabled=false, chrome={chromedriverVersion=2.37.543654 (a46b62e9900f5ac48951f8ad68d9e03eded4cc8d), userDataDir=/var/folders/t5/bpw4p0zd4015nsv58dsc1khm0000gn/T/.org.chromium.Chromium.8Ey8KS}, takesHeapSnapshot=true, pageLoadStrategy=normal, databaseEnabled=false, handlesAlerts=true, hasTouchScreen=false, version=65.0.3325.181, platform=MAC, browserConnectionEnabled=false, nativeEvents=true, acceptSslCerts=false, acceptInsecureCerts=false, locationContextEnabled=true, webStorageEnabled=true, browserName=chrome, takesScreenshot=true, javascriptEnabled=true, cssSelectorsEnabled=true, setWindowRect=true, unexpectedAlertBehaviour=}]
      Session ID: d65042e113c20a47a61e1dcb008e9252
      *** Element info: {Using=css selector, value=.StaticLoggedOutHomePage-signupSubtitle}
      	at sun.reflect.NativeConstructorAccessorImpl.newInstance0(Native Method)
      	at sun.reflect.NativeConstructorAccessorImpl.newInstance(NativeConstructorAccessorImpl.java:62)
      	at sun.reflect.DelegatingConstructorAccessorImpl.newInstance(DelegatingConstructorAccessorImpl.java:45)
      	at java.lang.reflect.Constructor.newInstance(Constructor.java:423)
      	at org.openqa.selenium.remote.ErrorHandler.createThrowable(ErrorHandler.java:206)
      	at org.openqa.selenium.remote.ErrorHandler.throwIfResponseFailed(ErrorHandler.java:158)
      	at org.openqa.selenium.remote.RemoteWebDriver.execute(RemoteWebDriver.java:647)
      	at org.openqa.selenium.remote.RemoteWebDriver.findElement(RemoteWebDriver.java:353)
      	at org.openqa.selenium.remote.RemoteWebDriver.findElementByCssSelector(RemoteWebDriver.java:482)
      	at org.openqa.selenium.By$ByCssSelector.findElement(By.java:430)
      	at org.openqa.selenium.remote.RemoteWebDriver.findElement(RemoteWebDriver.java:345)
      	at org.openqa.selenium.support.pagefactory.DefaultElementLocator.findElement(DefaultElementLocator.java:69)
      	at org.openqa.selenium.support.pagefactory.internal.LocatingElementHandler.invoke(LocatingElementHandler.java:38)
      	at com.sun.proxy.$Proxy17.isDisplayed(Unknown Source)
      	at PageObject.FrontPage.isOnFrontPage(FrontPage.java:28)
      	at StepDefinitions.CommonSteps.LoginSteps.assertFrontPage(LoginSteps.java:27)
      	at ✽.Given User is on frontpage(user_login.feature:9)
      &amp#27;[0m
    &amp#27;[36mWhen &amp#27;[0m&amp#27;[36mUser insert incorrect password or email&amp#27;[0m &amp#27;[90m# LoginSteps.userInsertIncorrectPasswordOrEmail()&amp#27;[0m
    &amp#27;[36mThen &amp#27;[0m&amp#27;[36mA login error message is displayed&amp#27;[0m      &amp#27;[90m# LoginSteps.aLoginErrorMessageIsDisplayed()&amp#27;[0m
]]></system-out>
    <system-err>Starting ChromeDriver 2.37.543654 (a46b62e9900f5ac48951f8ad68d9e03eded4cc8d) on port 46165
Only local connections are allowed.
Starting ChromeDriver 2.37.543654 (a46b62e9900f5ac48951f8ad68d9e03eded4cc8d) on port 36818
Only local connections are allowed.
</system-err>
  </testcase>
</testsuite>